<?xml version="1.0" encoding="UTF-8"?>
<!-- Generated by org.testng.reporters.JUnitXMLReporter -->
<testsuite ignored="1" hostname="JessBonDom" failures="0" tests="1" name="Command line test" time="0.121" errors="0" timestamp="2024-10-06T10:10:39 PDT">
  <testcase classname="TestCases.TestLogin" name="@BeforeClass beforeTest" time="0.105">
    <failure type="java.lang.NullPointerException" message="Cannot invoke &amp;quot;org.openqa.selenium.remote.RemoteWebDriver.get(String)&amp;quot; because &amp;quot;this.driver&amp;quot; is null">
      <![CDATA[java.lang.NullPointerException: Cannot invoke "org.openqa.selenium.remote.RemoteWebDriver.get(String)" because "this.driver" is null
at TestCases.TestLogin.beforeTest(TestLogin.java:23)
at java.base/java.util.ArrayList.forEach(ArrayList.java:1511)
... Removed 31 stack frames]]>
    </failure>
  </testcase> <!-- @BeforeClass beforeTest -->
  <testcase classname="TestCases.TestLogin" name="@AfterClass sendEmail" time="0.0">
    <skipped/>
  </testcase> <!-- @AfterClass sendEmail -->
  <testcase classname="TestCases.TestLogin" name="testLogin" time="0.0">
    <skipped/>
  </testcase> <!-- testLogin -->
  <testcase classname="Base.TestMethods" name="@BeforeSuite driverSetup" time="0.0">
    <ignored/>
  </testcase> <!-- @BeforeSuite driverSetup -->
</testsuite> <!-- Command line test -->
