<?xml version="1.0" encoding="UTF-8" ?>
<testsuite tests="3" failures="1" name="TestSuite" time="2.11" errors="0" skipped="2">
  <properties>
[...]
</properties>
  <testcase classname="TestCases.TestLogin" name="beforeTest" time="2.109">
    <failure message="Cannot invoke &quot;org.openqa.selenium.remote.RemoteWebDriver.get(String)&quot; because &quot;this.driver&quot; is null" type="java.lang.NullPointerException">java.lang.NullPointerException: Cannot invoke &quot;org.openqa.selenium.remote.RemoteWebDriver.get(String)&quot; because &quot;this.driver&quot; is null
	at TestCases.TestLogin.beforeTest(TestLogin.java:23)
</failure>
    <system-out>Configuring TestNG with: org.apache.maven.surefire.testng.conf.TestNG652Configurator@68be2bc2
This is Windows
</system-out>
  </testcase>
  <testcase classname="TestCases.TestLogin" name="testLogin" time="0">
    <skipped/>
  </testcase>
  <testcase classname="TestCases.TestLogin" name="sendEmail" time="0.001">
    <skipped/>
  </testcase>
</testsuite>